[1212/205555.210:ERROR:process_memory_win.cc(73)] ReadMemory at 0x2b2231b0000 of 64 bytes failed: 仅完成部分的 ReadProcessMemory 或 WriteProcessMemory 请求。 (0x12B)
[1212/205555.212:WARNING:pe_image_reader.cc(340)] could not read dos header from C:\Windows\System32\USER32.dll
[1212/205555.214:ERROR:process_memory_win.cc(73)] ReadMemory at 0x2b222f8ccd0 of 72 bytes failed: 仅完成部分的 ReadProcessMemory 或 WriteProcessMemory 请求。 (0x12B)
[1212/205555.214:WARNING:pe_image_annotations_reader.cc(134)] could not read annotations list object in C:\Program Files (x86)\Google\Chrome\Application\77.0.3865.120\chrome_elf.dll
[1212/205555.215:ERROR:process_memory_win.cc(73)] ReadMemory at 0x7ffb6ac60000 of 64 bytes failed: 仅完成部分的 ReadProcessMemory 或 WriteProcessMemory 请求。 (0x12B)
[1212/205555.215:WARNING:pe_image_reader.cc(340)] could not read dos header from C:\Program Files (x86)\Google\Chrome\Application\77.0.3865.120\chrome_child.dll
[1212/205555.215:ERROR:process_memory_win.cc(73)] ReadMemory at 0x7ffb6ac60000 of 64 bytes failed: 仅完成部分的 ReadProcessMemory 或 WriteProcessMemory 请求。 (0x12B)
[1212/205555.215:WARNING:pe_image_reader.cc(340)] could not read dos header from C:\Program Files (x86)\Google\Chrome\Application\77.0.3865.120\chrome_child.dll
[1212/205555.216:ERROR:process_memory_win.cc(73)] ReadMemory at 0x2b2231b0000 of 64 bytes failed: 仅完成部分的 ReadProcessMemory 或 WriteProcessMemory 请求。 (0x12B)
[1212/205555.216:WARNING:pe_image_reader.cc(340)] could not read dos header from C:\Windows\System32\USER32.dll
[1212/205555.216:ERROR:process_memory_win.cc(73)] ReadMemory at 0x2b2231b0000 of 64 bytes failed: 仅完成部分的 ReadProcessMemory 或 WriteProcessMemory 请求。 (0x12B)
[1212/205555.216:WARNING:pe_image_reader.cc(340)] could not read dos header from C:\Windows\System32\USER32.dll
[1212/205555.302:ERROR:process_memory_win.cc(73)] ReadMemory at 0x7ff7dddd0000 of 64 bytes failed: 仅完成部分的 ReadProcessMemory 或 WriteProcessMemory 请求。 (0x12B)
[1212/205555.302:WARNING:pe_image_reader.cc(340)] could not read dos header from C:\Program Files (x86)\Google\Chrome\Application\chrome.exe
[1212/205555.302:ERROR:process_memory_win.cc(73)] ReadMemory at 0x7ffbd2420000 of 64 bytes failed: 仅完成部分的 ReadProcessMemory 或 WriteProcessMemory 请求。 (0x12B)
[1212/205555.302:WARNING:pe_image_reader.cc(340)] could not read dos header from C:\Windows\SYSTEM32\ntdll.dll
[1212/205555.302:ERROR:process_memory_win.cc(73)] ReadMemory at 0x7ffbd1540000 of 64 bytes failed: 仅完成部分的 ReadProcessMemory 或 WriteProcessMemory 请求。 (0x12B)
[1212/205555.302:WARNING:pe_image_reader.cc(340)] could not read dos header from C:\Windows\System32\KERNEL32.DLL
[1212/205555.302:ERROR:process_memory_win.cc(73)] ReadMemory at 0x7ffbcf080000 of 64 bytes failed: 仅完成部分的 ReadProcessMemory 或 WriteProcessMemory 请求。 (0x12B)
[1212/205555.302:WARNING:pe_image_reader.cc(340)] could not read dos header from C:\Windows\System32\KERNELBASE.dll
[1212/205555.302:ERROR:process_memory_win.cc(73)] ReadMemory at 0x7ffb91380000 of 64 bytes failed: 仅完成部分的 ReadProcessMemory 或 WriteProcessMemory 请求。 (0x12B)
[1212/205555.302:WARNING:pe_image_reader.cc(340)] could not read dos header from C:\Program Files (x86)\Google\Chrome\Application\77.0.3865.120\chrome_elf.dll
[1212/205555.302:ERROR:process_memory_win.cc(73)] ReadMemory at 0x7ffbc4e50000 of 64 bytes failed: 仅完成部分的 ReadProcessMemory 或 WriteProcessMemory 请求。 (0x12B)
[1212/205555.303:WARNING:pe_image_reader.cc(340)] could not read dos header from C:\Windows\SYSTEM32\VERSION.dll
[1212/205555.303:ERROR:process_memory_win.cc(73)] ReadMemory at 0x7ffbcfac0000 of 64 bytes failed: 仅完成部分的 ReadProcessMemory 或 WriteProcessMemory 请求。 (0x12B)
[1212/205555.303:WARNING:pe_image_reader.cc(340)] could not read dos header from C:\Windows\System32\msvcrt.dll
[1212/205555.303:ERROR:process_memory_win.cc(73)] ReadMemory at 0x7ffbcf4e0000 of 64 bytes failed: 仅完成部分的 ReadProcessMemory 或 WriteProcessMemory 请求。 (0x12B)
[1212/205555.303:WARNING:pe_image_reader.cc(340)] could not read dos header from C:\Windows\System32\bcryptPrimitives.dll
[1212/205555.303:ERROR:process_memory_win.cc(73)] ReadMemory at 0x7ffbd1b80000 of 64 bytes failed: 仅完成部分的 ReadProcessMemory 或 WriteProcessMemory 请求。 (0x12B)
[1212/205555.303:WARNING:pe_image_reader.cc(340)] could not read dos header from C:\Windows\System32\ADVAPI32.dll
[1212/205555.303:ERROR:process_memory_win.cc(73)] ReadMemory at 0x7ffbd1770000 of 64 bytes failed: 仅完成部分的 ReadProcessMemory 或 WriteProcessMemory 请求。 (0x12B)
[1212/205555.303:WARNING:pe_image_reader.cc(340)] could not read dos header from C:\Windows\System32\sechost.dll
[1212/205555.303:ERROR:process_memory_win.cc(73)] ReadMemory at 0x7ffbd22c0000 of 64 bytes failed: 仅完成部分的 ReadProcessMemory 或 WriteProcessMemory 请求。 (0x12B)
[1212/205555.303:WARNING:pe_image_reader.cc(340)] could not read dos header from C:\Windows\System32\RPCRT4.dll
[1212/205555.303:ERROR:process_memory_win.cc(73)] ReadMemory at 0x7ffb6ac60000 of 64 bytes failed: 仅完成部分的 ReadProcessMemory 或 WriteProcessMemory 请求。 (0x12B)
[1212/205555.303:WARNING:pe_image_reader.cc(340)] could not read dos header from C:\Program Files (x86)\Google\Chrome\Application\77.0.3865.120\chrome_child.dll
[1212/205555.303:ERROR:process_memory_win.cc(73)] ReadMemory at 0x7ffbd1e30000 of 64 bytes failed: 仅完成部分的 ReadProcessMemory 或 WriteProcessMemory 请求。 (0x12B)
[1212/205555.303:WARNING:pe_image_reader.cc(340)] could not read dos header from C:\Windows\System32\OLEAUT32.dll
[1212/205555.303:ERROR:process_memory_win.cc(73)] ReadMemory at 0x7ffbced50000 of 64 bytes failed: 仅完成部分的 ReadProcessMemory 或 WriteProcessMemory 请求。 (0x12B)
[1212/205555.303:WARNING:pe_image_reader.cc(340)] could not read dos header from C:\Windows\System32\msvcp_win.dll
[1212/205555.303:ERROR:process_memory_win.cc(73)] ReadMemory at 0x7ffbcec30000 of 64 bytes failed: 仅完成部分的 ReadProcessMemory 或 WriteProcessMemory 请求。 (0x12B)
[1212/205555.303:WARNING:pe_image_reader.cc(340)] could not read dos header from C:\Windows\System32\ucrtbase.dll
[1212/205555.303:ERROR:process_memory_win.cc(73)] ReadMemory at 0x7ffbd1820000 of 64 bytes failed: 仅完成部分的 ReadProcessMemory 或 WriteProcessMemory 请求。 (0x12B)
[1212/205555.303:WARNING:pe_image_reader.cc(340)] could not read dos header from C:\Windows\System32\combase.dll
[1212/205555.303:ERROR:process_memory_win.cc(73)] ReadMemory at 0x7ffbd1260000 of 64 bytes failed: 仅完成部分的 ReadProcessMemory 或 WriteProcessMemory 请求。 (0x12B)
[1212/205555.304:WARNING:pe_image_reader.cc(340)] could not read dos header from C:\Windows\System32\WS2_32.dll
[1212/205555.304:ERROR:process_memory_win.cc(73)] ReadMemory at 0x7ffbd1b50000 of 64 bytes failed: 仅完成部分的 ReadProcessMemory 或 WriteProcessMemory 请求。 (0x12B)
[1212/205555.304:WARNING:pe_image_reader.cc(340)] could not read dos header from C:\Windows\System32\GDI32.dll
[1212/205555.304:ERROR:process_memory_win.cc(73)] ReadMemory at 0x7ffbcf340000 of 64 bytes failed: 仅完成部分的 ReadProcessMemory 或 WriteProcessMemory 请求。 (0x12B)
[1212/205555.304:WARNING:pe_image_reader.cc(340)] could not read dos header from C:\Windows\System32\gdi32full.dll
[1212/205555.304:ERROR:process_memory_win.cc(73)] ReadMemory at 0x2b2231b0000 of 64 bytes failed: 仅完成部分的 ReadProcessMemory 或 WriteProcessMemory 请求。 (0x12B)
[1212/205555.304:WARNING:pe_image_reader.cc(340)] could not read dos header from C:\Windows\System32\USER32.dll
[1212/205555.304:ERROR:process_memory_win.cc(73)] ReadMemory at 0x7ffbced30000 of 64 bytes failed: 仅完成部分的 ReadProcessMemory 或 WriteProcessMemory 请求。 (0x12B)
[1212/205555.304:WARNING:pe_image_reader.cc(340)] could not read dos header from C:\Windows\System32\win32u.dll
[1212/205555.304:ERROR:process_memory_win.cc(73)] ReadMemory at 0x7ffbcf5e0000 of 64 bytes failed: 仅完成部分的 ReadProcessMemory 或 WriteProcessMemory 请求。 (0x12B)
[1212/205555.304:WARNING:pe_image_reader.cc(340)] could not read dos header from C:\Windows\System32\WINTRUST.dll
[1212/205555.304:ERROR:process_memory_win.cc(73)] ReadMemory at 0x7ffbce410000 of 64 bytes failed: 仅完成部分的 ReadProcessMemory 或 WriteProcessMemory 请求。 (0x12B)
[1212/205555.304:WARNING:pe_image_reader.cc(340)] could not read dos header from C:\Windows\System32\MSASN1.dll
[1212/205555.304:ERROR:process_memory_win.cc(73)] ReadMemory at 0x7ffbcedf0000 of 64 bytes failed: 仅完成部分的 ReadProcessMemory 或 WriteProcessMemory 请求。 (0x12B)
[1212/205555.304:WARNING:pe_image_reader.cc(340)] could not read dos header from C:\Windows\System32\CRYPT32.dll
[1212/205555.304:ERROR:process_memory_win.cc(73)] ReadMemory at 0x7ffbcd970000 of 64 bytes failed: 仅完成部分的 ReadProcessMemory 或 WriteProcessMemory 请求。 (0x12B)
[1212/205555.304:WARNING:pe_image_reader.cc(340)] could not read dos header from C:\Windows\SYSTEM32\IPHLPAPI.DLL
[1212/205555.304:ERROR:process_memory_win.cc(73)] ReadMemory at 0x7ffbcaf00000 of 64 bytes failed: 仅完成部分的 ReadProcessMemory 或 WriteProcessMemory 请求。 (0x12B)
[1212/205555.304:WARNING:pe_image_reader.cc(340)] could not read dos header from C:\Windows\SYSTEM32\WINMM.dll
[1212/205555.304:ERROR:process_memory_win.cc(73)] ReadMemory at 0x7ffbce340000 of 64 bytes failed: 仅完成部分的 ReadProcessMemory 或 WriteProcessMemory 请求。 (0x12B)
[1212/205555.304:WARNING:pe_image_reader.cc(340)] could not read dos header from C:\Windows\SYSTEM32\USERENV.dll
[1212/205555.304:ERROR:process_memory_win.cc(73)] ReadMemory at 0x7ffbce450000 of 64 bytes failed: 仅完成部分的 ReadProcessMemory 或 WriteProcessMemory 请求。 (0x12B)
[1212/205555.304:WARNING:pe_image_reader.cc(340)] could not read dos header from C:\Windows\System32\profapi.dll
[1212/205555.304:ERROR:process_memory_win.cc(73)] ReadMemory at 0x7ffbae430000 of 64 bytes failed: 仅完成部分的 ReadProcessMemory 或 WriteProcessMemory 请求。 (0x12B)
[1212/205555.304:WARNING:pe_image_reader.cc(340)] could not read dos header from C:\Windows\SYSTEM32\DWrite.dll
[1212/205555.304:ERROR:process_memory_win.cc(73)] ReadMemory at 0x7ffbbe770000 of 64 bytes failed: 仅完成部分的 ReadProcessMemory 或 WriteProcessMemory 请求。 (0x12B)
[1212/205555.304:WARNING:pe_image_reader.cc(340)] could not read dos header from C:\Windows\SYSTEM32\WINSPOOL.DRV
[1212/205555.305:ERROR:process_memory_win.cc(73)] ReadMemory at 0x7ffbce430000 of 64 bytes failed: 仅完成部分的 ReadProcessMemory 或 WriteProcessMemory 请求。 (0x12B)
[1212/205555.305:WARNING:pe_image_reader.cc(340)] could not read dos header from C:\Windows\System32\kernel.appcore.dll
[1212/205555.305:ERROR:process_memory_win.cc(73)] ReadMemory at 0x7ffbcf560000 of 64 bytes failed: 仅完成部分的 ReadProcessMemory 或 WriteProcessMemory 请求。 (0x12B)
[1212/205555.305:WARNING:pe_image_reader.cc(340)] could not read dos header from C:\Windows\System32\bcrypt.dll
[1212/205555.305:ERROR:process_memory_win.cc(73)] ReadMemory at 0x7ffbc0bf0000 of 64 bytes failed: 仅完成部分的 ReadProcessMemory 或 WriteProcessMemory 请求。 (0x12B)
[1212/205555.305:WARNING:pe_image_reader.cc(340)] could not read dos header from C:\Windows\SYSTEM32\dbghelp.dll
[1212/205555.305:ERROR:process_memory_win.cc(73)] ReadMemory at 0x7ffbc1f90000 of 64 bytes failed: 仅完成部分的 ReadProcessMemory 或 WriteProcessMemory 请求。 (0x12B)
[1212/205555.305:WARNING:pe_image_reader.cc(340)] could not read dos header from C:\Windows\SYSTEM32\WINHTTP.dll
[1212/205555.305:ERROR:process_memory_win.cc(73)] ReadMemory at 0x7ffbbc060000 of 64 bytes failed: 仅完成部分的 ReadProcessMemory 或 WriteProcessMemory 请求。 (0x12B)
[1212/205555.305:WARNING:pe_image_reader.cc(340)] could not read dos header from C:\Windows\SYSTEM32\Secur32.dll
[1212/205555.305:ERROR:process_memory_win.cc(73)] ReadMemory at 0x7ffbc1d30000 of 64 bytes failed: 仅完成部分的 ReadProcessMemory 或 WriteProcessMemory 请求。 (0x12B)
[1212/205555.305:WARNING:pe_image_reader.cc(340)] could not read dos header from C:\Windows\SYSTEM32\dhcpcsvc.DLL
[1212/205555.305:ERROR:process_memory_win.cc(73)] ReadMemory at 0x7ffbd10f0000 of 64 bytes failed: 仅完成部分的 ReadProcessMemory 或 WriteProcessMemory 请求。 (0x12B)
[1212/205555.305:WARNING:pe_image_reader.cc(340)] could not read dos header from C:\Windows\System32\NSI.dll
[1212/205555.305:ERROR:process_memory_win.cc(73)] ReadMemory at 0x7ffbcaed0000 of 64 bytes failed: 仅完成部分的 ReadProcessMemory 或 WriteProcessMemory 请求。 (0x12B)
[1212/205555.305:WARNING:pe_image_reader.cc(340)] could not read dos header from C:\Windows\SYSTEM32\WINMMBASE.dll
[1212/205555.305:ERROR:process_memory_win.cc(73)] ReadMemory at 0x7ffbcf590000 of 64 bytes failed: 仅完成部分的 ReadProcessMemory 或 WriteProcessMemory 请求。 (0x12B)
[1212/205555.305:WARNING:pe_image_reader.cc(340)] could not read dos header from C:\Windows\System32\cfgmgr32.dll
[1212/205555.305:ERROR:process_memory_win.cc(73)] ReadMemory at 0x7ffbccea0000 of 64 bytes failed: 仅完成部分的 ReadProcessMemory 或 WriteProcessMemory 请求。 (0x12B)
[1212/205555.305:WARNING:pe_image_reader.cc(340)] could not read dos header from C:\Windows\SYSTEM32\PROPSYS.dll
[1212/205555.305:ERROR:process_memory_win.cc(73)] ReadMemory at 0x7ffbd1460000 of 64 bytes failed: 仅完成部分的 ReadProcessMemory 或 WriteProcessMemory 请求。 (0x12B)
[1212/205555.305:WARNING:pe_image_reader.cc(340)] could not read dos header from C:\Windows\System32\shcore.dll
[1212/205555.305:ERROR:process_memory_win.cc(73)] ReadMemory at 0x7ffbce310000 of 64 bytes failed: 仅完成部分的 ReadProcessMemory 或 WriteProcessMemory 请求。 (0x12B)
[1212/205555.305:WARNING:pe_image_reader.cc(340)] could not read dos header from C:\Windows\SYSTEM32\SSPICLI.DLL
[1212/205555.305:ERROR:process_memory_win.cc(73)] ReadMemory at 0x7ffbd1510000 of 64 bytes failed: 仅完成部分的 ReadProcessMemory 或 WriteProcessMemory 请求。 (0x12B)
[1212/205555.305:WARNING:pe_image_reader.cc(340)] could not read dos header from C:\Windows\System32\IMM32.DLL
[1212/205555.306:ERROR:process_memory_win.cc(73)] ReadMemory at 0x7ffbcde20000 of 64 bytes failed: 仅完成部分的 ReadProcessMemory 或 WriteProcessMemory 请求。 (0x12B)
[1212/205555.306:WARNING:pe_image_reader.cc(340)] could not read dos header from C:\Windows\SYSTEM32\CRYPTBASE.DLL
[1212/205555.306:ERROR:process_memory_win.cc(73)] ReadMemory at 0x7ff7dddd0000 of 64 bytes failed: 仅完成部分的 ReadProcessMemory 或 WriteProcessMemory 请求。 (0x12B)
[1212/205555.306:WARNING:pe_image_reader.cc(340)] could not read dos header from C:\Program Files (x86)\Google\Chrome\Application\chrome.exe
[1212/205555.306:ERROR:process_memory_win.cc(73)] ReadMemory at 0x7ffbd2420000 of 64 bytes failed: 仅完成部分的 ReadProcessMemory 或 WriteProcessMemory 请求。 (0x12B)
[1212/205555.306:WARNING:pe_image_reader.cc(340)] could not read dos header from C:\Windows\SYSTEM32\ntdll.dll
[1212/205555.306:ERROR:process_memory_win.cc(73)] ReadMemory at 0x7ffbd1540000 of 64 bytes failed: 仅完成部分的 ReadProcessMemory 或 WriteProcessMemory 请求。 (0x12B)
[1212/205555.306:WARNING:pe_image_reader.cc(340)] could not read dos header from C:\Windows\System32\KERNEL32.DLL
[1212/205555.306:ERROR:process_memory_win.cc(73)] ReadMemory at 0x7ffbcf080000 of 64 bytes failed: 仅完成部分的 ReadProcessMemory 或 WriteProcessMemory 请求。 (0x12B)
[1212/205555.306:WARNING:pe_image_reader.cc(340)] could not read dos header from C:\Windows\System32\KERNELBASE.dll
[1212/205555.306:ERROR:process_memory_win.cc(73)] ReadMemory at 0x7ffb91380000 of 64 bytes failed: 仅完成部分的 ReadProcessMemory 或 WriteProcessMemory 请求。 (0x12B)
[1212/205555.306:WARNING:pe_image_reader.cc(340)] could not read dos header from C:\Program Files (x86)\Google\Chrome\Application\77.0.3865.120\chrome_elf.dll
[1212/205555.306:ERROR:process_memory_win.cc(73)] ReadMemory at 0x7ffbc4e50000 of 64 bytes failed: 仅完成部分的 ReadProcessMemory 或 WriteProcessMemory 请求。 (0x12B)
[1212/205555.306:WARNING:pe_image_reader.cc(340)] could not read dos header from C:\Windows\SYSTEM32\VERSION.dll
[1212/205555.306:ERROR:process_memory_win.cc(73)] ReadMemory at 0x7ffbcfac0000 of 64 bytes failed: 仅完成部分的 ReadProcessMemory 或 WriteProcessMemory 请求。 (0x12B)
[1212/205555.306:WARNING:pe_image_reader.cc(340)] could not read dos header from C:\Windows\System32\msvcrt.dll
[1212/205555.306:ERROR:process_memory_win.cc(73)] ReadMemory at 0x7ffbcf4e0000 of 64 bytes failed: 仅完成部分的 ReadProcessMemory 或 WriteProcessMemory 请求。 (0x12B)
[1212/205555.307:WARNING:pe_image_reader.cc(340)] could not read dos header from C:\Windows\System32\bcryptPrimitives.dll
[1212/205555.307:ERROR:process_memory_win.cc(73)] ReadMemory at 0x7ffbd1b80000 of 64 bytes failed: 仅完成部分的 ReadProcessMemory 或 WriteProcessMemory 请求。 (0x12B)
[1212/205555.307:WARNING:pe_image_reader.cc(340)] could not read dos header from C:\Windows\System32\ADVAPI32.dll
[1212/205555.307:ERROR:process_memory_win.cc(73)] ReadMemory at 0x7ffbd1770000 of 64 bytes failed: 仅完成部分的 ReadProcessMemory 或 WriteProcessMemory 请求。 (0x12B)
[1212/205555.307:WARNING:pe_image_reader.cc(340)] could not read dos header from C:\Windows\System32\sechost.dll
[1212/205555.307:ERROR:process_memory_win.cc(73)] ReadMemory at 0x7ffbd22c0000 of 64 bytes failed: 仅完成部分的 ReadProcessMemory 或 WriteProcessMemory 请求。 (0x12B)
[1212/205555.307:WARNING:pe_image_reader.cc(340)] could not read dos header from C:\Windows\System32\RPCRT4.dll
[1212/205555.307:ERROR:process_memory_win.cc(73)] ReadMemory at 0x7ffb6ac60000 of 64 bytes failed: 仅完成部分的 ReadProcessMemory 或 WriteProcessMemory 请求。 (0x12B)
[1212/205555.307:WARNING:pe_image_reader.cc(340)] could not read dos header from C:\Program Files (x86)\Google\Chrome\Application\77.0.3865.120\chrome_child.dll
[1212/205555.307:ERROR:process_memory_win.cc(73)] ReadMemory at 0x7ffbd1e30000 of 64 bytes failed: 仅完成部分的 ReadProcessMemory 或 WriteProcessMemory 请求。 (0x12B)
[1212/205555.307:WARNING:pe_image_reader.cc(340)] could not read dos header from C:\Windows\System32\OLEAUT32.dll
[1212/205555.307:ERROR:process_memory_win.cc(73)] ReadMemory at 0x7ffbced50000 of 64 bytes failed: 仅完成部分的 ReadProcessMemory 或 WriteProcessMemory 请求。 (0x12B)
[1212/205555.307:WARNING:pe_image_reader.cc(340)] could not read dos header from C:\Windows\System32\msvcp_win.dll
[1212/205555.307:ERROR:process_memory_win.cc(73)] ReadMemory at 0x7ffbcec30000 of 64 bytes failed: 仅完成部分的 ReadProcessMemory 或 WriteProcessMemory 请求。 (0x12B)
[1212/205555.307:WARNING:pe_image_reader.cc(340)] could not read dos header from C:\Windows\System32\ucrtbase.dll
[1212/205555.308:ERROR:process_memory_win.cc(73)] ReadMemory at 0x7ffbd1820000 of 64 bytes failed: 仅完成部分的 ReadProcessMemory 或 WriteProcessMemory 请求。 (0x12B)
[1212/205555.308:WARNING:pe_image_reader.cc(340)] could not read dos header from C:\Windows\System32\combase.dll
[1212/205555.308:ERROR:process_memory_win.cc(73)] ReadMemory at 0x7ffbd1260000 of 64 bytes failed: 仅完成部分的 ReadProcessMemory 或 WriteProcessMemory 请求。 (0x12B)
[1212/205555.308:WARNING:pe_image_reader.cc(340)] could not read dos header from C:\Windows\System32\WS2_32.dll
[1212/205555.308:ERROR:process_memory_win.cc(73)] ReadMemory at 0x7ffbd1b50000 of 64 bytes failed: 仅完成部分的 ReadProcessMemory 或 WriteProcessMemory 请求。 (0x12B)
[1212/205555.308:WARNING:pe_image_reader.cc(340)] could not read dos header from C:\Windows\System32\GDI32.dll
[1212/205555.308:ERROR:process_memory_win.cc(73)] ReadMemory at 0x7ffbcf340000 of 64 bytes failed: 仅完成部分的 ReadProcessMemory 或 WriteProcessMemory 请求。 (0x12B)
[1212/205555.308:WARNING:pe_image_reader.cc(340)] could not read dos header from C:\Windows\System32\gdi32full.dll
[1212/205555.308:ERROR:process_memory_win.cc(73)] ReadMemory at 0x2b2231b0000 of 64 bytes failed: 仅完成部分的 ReadProcessMemory 或 WriteProcessMemory 请求。 (0x12B)
[1212/205555.308:WARNING:pe_image_reader.cc(340)] could not read dos header from C:\Windows\System32\USER32.dll
[1212/205555.308:ERROR:process_memory_win.cc(73)] ReadMemory at 0x7ffbced30000 of 64 bytes failed: 仅完成部分的 ReadProcessMemory 或 WriteProcessMemory 请求。 (0x12B)
[1212/205555.309:WARNING:pe_image_reader.cc(340)] could not read dos header from C:\Windows\System32\win32u.dll
[1212/205555.309:ERROR:process_memory_win.cc(73)] ReadMemory at 0x7ffbcf5e0000 of 64 bytes failed: 仅完成部分的 ReadProcessMemory 或 WriteProcessMemory 请求。 (0x12B)
[1212/205555.309:WARNING:pe_image_reader.cc(340)] could not read dos header from C:\Windows\System32\WINTRUST.dll
[1212/205555.309:ERROR:process_memory_win.cc(73)] ReadMemory at 0x7ffbce410000 of 64 bytes failed: 仅完成部分的 ReadProcessMemory 或 WriteProcessMemory 请求。 (0x12B)
[1212/205555.309:WARNING:pe_image_reader.cc(340)] could not read dos header from C:\Windows\System32\MSASN1.dll
[1212/205555.309:ERROR:process_memory_win.cc(73)] ReadMemory at 0x7ffbcedf0000 of 64 bytes failed: 仅完成部分的 ReadProcessMemory 或 WriteProcessMemory 请求。 (0x12B)
[1212/205555.309:WARNING:pe_image_reader.cc(340)] could not read dos header from C:\Windows\System32\CRYPT32.dll
[1212/205555.309:ERROR:process_memory_win.cc(73)] ReadMemory at 0x7ffbcd970000 of 64 bytes failed: 仅完成部分的 ReadProcessMemory 或 WriteProcessMemory 请求。 (0x12B)
[1212/205555.309:WARNING:pe_image_reader.cc(340)] could not read dos header from C:\Windows\SYSTEM32\IPHLPAPI.DLL
[1212/205555.309:ERROR:process_memory_win.cc(73)] ReadMemory at 0x7ffbcaf00000 of 64 bytes failed: 仅完成部分的 ReadProcessMemory 或 WriteProcessMemory 请求。 (0x12B)
[1212/205555.309:WARNING:pe_image_reader.cc(340)] could not read dos header from C:\Windows\SYSTEM32\WINMM.dll
[1212/205555.309:ERROR:process_memory_win.cc(73)] ReadMemory at 0x7ffbce340000 of 64 bytes failed: 仅完成部分的 ReadProcessMemory 或 WriteProcessMemory 请求。 (0x12B)
[1212/205555.309:WARNING:pe_image_reader.cc(340)] could not read dos header from C:\Windows\SYSTEM32\USERENV.dll
[1212/205555.309:ERROR:process_memory_win.cc(73)] ReadMemory at 0x7ffbce450000 of 64 bytes failed: 仅完成部分的 ReadProcessMemory 或 WriteProcessMemory 请求。 (0x12B)
[1212/205555.309:WARNING:pe_image_reader.cc(340)] could not read dos header from C:\Windows\System32\profapi.dll
[1212/205555.309:ERROR:process_memory_win.cc(73)] ReadMemory at 0x7ffbae430000 of 64 bytes failed: 仅完成部分的 ReadProcessMemory 或 WriteProcessMemory 请求。 (0x12B)
[1212/205555.309:WARNING:pe_image_reader.cc(340)] could not read dos header from C:\Windows\SYSTEM32\DWrite.dll
[1212/205555.309:ERROR:process_memory_win.cc(73)] ReadMemory at 0x7ffbbe770000 of 64 bytes failed: 仅完成部分的 ReadProcessMemory 或 WriteProcessMemory 请求。 (0x12B)
[1212/205555.309:WARNING:pe_image_reader.cc(340)] could not read dos header from C:\Windows\SYSTEM32\WINSPOOL.DRV
[1212/205555.310:ERROR:process_memory_win.cc(73)] ReadMemory at 0x7ffbce430000 of 64 bytes failed: 仅完成部分的 ReadProcessMemory 或 WriteProcessMemory 请求。 (0x12B)
[1212/205555.310:WARNING:pe_image_reader.cc(340)] could not read dos header from C:\Windows\System32\kernel.appcore.dll
[1212/205555.310:ERROR:process_memory_win.cc(73)] ReadMemory at 0x7ffbcf560000 of 64 bytes failed: 仅完成部分的 ReadProcessMemory 或 WriteProcessMemory 请求。 (0x12B)
[1212/205555.310:WARNING:pe_image_reader.cc(340)] could not read dos header from C:\Windows\System32\bcrypt.dll
[1212/205555.310:ERROR:process_memory_win.cc(73)] ReadMemory at 0x7ffbc0bf0000 of 64 bytes failed: 仅完成部分的 ReadProcessMemory 或 WriteProcessMemory 请求。 (0x12B)
[1212/205555.310:WARNING:pe_image_reader.cc(340)] could not read dos header from C:\Windows\SYSTEM32\dbghelp.dll
[1212/205555.310:ERROR:process_memory_win.cc(73)] ReadMemory at 0x7ffbc1f90000 of 64 bytes failed: 仅完成部分的 ReadProcessMemory 或 WriteProcessMemory 请求。 (0x12B)
[1212/205555.310:WARNING:pe_image_reader.cc(340)] could not read dos header from C:\Windows\SYSTEM32\WINHTTP.dll
[1212/205555.310:ERROR:process_memory_win.cc(73)] ReadMemory at 0x7ffbbc060000 of 64 bytes failed: 仅完成部分的 ReadProcessMemory 或 WriteProcessMemory 请求。 (0x12B)
[1212/205555.310:WARNING:pe_image_reader.cc(340)] could not read dos header from C:\Windows\SYSTEM32\Secur32.dll
[1212/205555.310:ERROR:process_memory_win.cc(73)] ReadMemory at 0x7ffbc1d30000 of 64 bytes failed: 仅完成部分的 ReadProcessMemory 或 WriteProcessMemory 请求。 (0x12B)
[1212/205555.310:WARNING:pe_image_reader.cc(340)] could not read dos header from C:\Windows\SYSTEM32\dhcpcsvc.DLL
[1212/205555.310:ERROR:process_memory_win.cc(73)] ReadMemory at 0x7ffbd10f0000 of 64 bytes failed: 仅完成部分的 ReadProcessMemory 或 WriteProcessMemory 请求。 (0x12B)
[1212/205555.310:WARNING:pe_image_reader.cc(340)] could not read dos header from C:\Windows\System32\NSI.dll
[1212/205555.310:ERROR:process_memory_win.cc(73)] ReadMemory at 0x7ffbcaed0000 of 64 bytes failed: 仅完成部分的 ReadProcessMemory 或 WriteProcessMemory 请求。 (0x12B)
[1212/205555.310:WARNING:pe_image_reader.cc(340)] could not read dos header from C:\Windows\SYSTEM32\WINMMBASE.dll
[1212/205555.310:ERROR:process_memory_win.cc(73)] ReadMemory at 0x7ffbcf590000 of 64 bytes failed: 仅完成部分的 ReadProcessMemory 或 WriteProcessMemory 请求。 (0x12B)
[1212/205555.311:WARNING:pe_image_reader.cc(340)] could not read dos header from C:\Windows\System32\cfgmgr32.dll
[1212/205555.311:ERROR:process_memory_win.cc(73)] ReadMemory at 0x7ffbccea0000 of 64 bytes failed: 仅完成部分的 ReadProcessMemory 或 WriteProcessMemory 请求。 (0x12B)
[1212/205555.311:WARNING:pe_image_reader.cc(340)] could not read dos header from C:\Windows\SYSTEM32\PROPSYS.dll
[1212/205555.311:ERROR:process_memory_win.cc(73)] ReadMemory at 0x7ffbd1460000 of 64 bytes failed: 仅完成部分的 ReadProcessMemory 或 WriteProcessMemory 请求。 (0x12B)
[1212/205555.311:WARNING:pe_image_reader.cc(340)] could not read dos header from C:\Windows\System32\shcore.dll
[1212/205555.311:ERROR:process_memory_win.cc(73)] ReadMemory at 0x7ffbce310000 of 64 bytes failed: 仅完成部分的 ReadProcessMemory 或 WriteProcessMemory 请求。 (0x12B)
[1212/205555.311:WARNING:pe_image_reader.cc(340)] could not read dos header from C:\Windows\SYSTEM32\SSPICLI.DLL
[1212/205555.311:ERROR:process_memory_win.cc(73)] ReadMemory at 0x7ffbd1510000 of 64 bytes failed: 仅完成部分的 ReadProcessMemory 或 WriteProcessMemory 请求。 (0x12B)
[1212/205555.311:WARNING:pe_image_reader.cc(340)] could not read dos header from C:\Windows\System32\IMM32.DLL
[1212/205555.311:ERROR:process_memory_win.cc(73)] ReadMemory at 0x7ffbcde20000 of 64 bytes failed: 仅完成部分的 ReadProcessMemory 或 WriteProcessMemory 请求。 (0x12B)
[1212/205555.311:WARNING:pe_image_reader.cc(340)] could not read dos header from C:\Windows\SYSTEM32\CRYPTBASE.DLL
[1212/205555.321:ERROR:process_memory_win.cc(73)] ReadMemory at 0xb932df8000 of 32768 bytes failed: 仅完成部分的 ReadProcessMemory 或 WriteProcessMemory 请求。 (0x12B)
[1212/205555.321:ERROR:process_memory_win.cc(73)] ReadMemory at 0xb9335fd000 of 12288 bytes failed: 仅完成部分的 ReadProcessMemory 或 WriteProcessMemory 请求。 (0x12B)
[1212/205555.322:ERROR:process_memory_win.cc(73)] ReadMemory at 0xb933dfd000 of 12288 bytes failed: 仅完成部分的 ReadProcessMemory 或 WriteProcessMemory 请求。 (0x12B)
[1212/205555.322:ERROR:process_memory_win.cc(73)] ReadMemory at 0xb9345fc000 of 16384 bytes failed: 仅完成部分的 ReadProcessMemory 或 WriteProcessMemory 请求。 (0x12B)
[1212/205555.322:ERROR:process_memory_win.cc(73)] ReadMemory at 0xb934dfc000 of 16384 bytes failed: 仅完成部分的 ReadProcessMemory 或 WriteProcessMemory 请求。 (0x12B)
[1212/205555.322:ERROR:process_memory_win.cc(73)] ReadMemory at 0xb9355ff000 of 4096 bytes failed: 仅完成部分的 ReadProcessMemory 或 WriteProcessMemory 请求。 (0x12B)
[1212/205555.322:ERROR:process_memory_win.cc(73)] ReadMemory at 0xb935dfd000 of 12288 bytes failed: 仅完成部分的 ReadProcessMemory 或 WriteProcessMemory 请求。 (0x12B)
[1212/205555.322:ERROR:process_memory_win.cc(73)] ReadMemory at 0xb9365fd000 of 12288 bytes failed: 仅完成部分的 ReadProcessMemory 或 WriteProcessMemory 请求。 (0x12B)
[1212/205555.322:ERROR:process_memory_win.cc(73)] ReadMemory at 0xb9375fd000 of 12288 bytes failed: 仅完成部分的 ReadProcessMemory 或 WriteProcessMemory 请求。 (0x12B)
[1212/205555.323:ERROR:process_memory_win.cc(73)] ReadMemory at 0xb937dfd000 of 12288 bytes failed: 仅完成部分的 ReadProcessMemory 或 WriteProcessMemory 请求。 (0x12B)
[1212/205555.323:ERROR:process_memory_win.cc(73)] ReadMemory at 0xb9385fd000 of 12288 bytes failed: 仅完成部分的 ReadProcessMemory 或 WriteProcessMemory 请求。 (0x12B)
[1212/205555.323:ERROR:process_memory_win.cc(73)] ReadMemory at 0xb938dfd000 of 12288 bytes failed: 仅完成部分的 ReadProcessMemory 或 WriteProcessMemory 请求。 (0x12B)
[1212/205555.323:ERROR:process_memory_win.cc(73)] ReadMemory at 0xb9395fd000 of 12288 bytes failed: 仅完成部分的 ReadProcessMemory 或 WriteProcessMemory 请求。 (0x12B)
[1212/205555.323:ERROR:process_memory_win.cc(73)] ReadMemory at 0xb939dfd000 of 12288 bytes failed: 仅完成部分的 ReadProcessMemory 或 WriteProcessMemory 请求。 (0x12B)
[1212/205555.323:ERROR:process_memory_win.cc(73)] ReadMemory at 0xb93a5fd000 of 12288 bytes failed: 仅完成部分的 ReadProcessMemory 或 WriteProcessMemory 请求。 (0x12B)
[1212/205555.323:ERROR:process_memory_win.cc(73)] ReadMemory at 0xb93adfd000 of 12288 bytes failed: 仅完成部分的 ReadProcessMemory 或 WriteProcessMemory 请求。 (0x12B)
[1212/205555.324:ERROR:process_memory_win.cc(73)] ReadMemory at 0xb93b5fd000 of 12288 bytes failed: 仅完成部分的 ReadProcessMemory 或 WriteProcessMemory 请求。 (0x12B)
[1212/205555.324:ERROR:process_memory_win.cc(73)] ReadMemory at 0xb93bdfd000 of 12288 bytes failed: 仅完成部分的 ReadProcessMemory 或 WriteProcessMemory 请求。 (0x12B)
[1212/205555.324:ERROR:process_memory_win.cc(73)] ReadMemory at 0xb93c5fd000 of 12288 bytes failed: 仅完成部分的 ReadProcessMemory 或 WriteProcessMemory 请求。 (0x12B)
[1212/205555.324:ERROR:process_memory_win.cc(73)] ReadMemory at 0xb932467000 of 852 bytes failed: 仅完成部分的 ReadProcessMemory 或 WriteProcessMemory 请求。 (0x12B)
[1212/205555.324:ERROR:process_memory_win.cc(73)] ReadMemory at 0xb932468000 of 6024 bytes failed: 仅完成部分的 ReadProcessMemory 或 WriteProcessMemory 请求。 (0x12B)
[1212/205555.324:ERROR:process_memory_win.cc(73)] ReadMemory at 0xb93246a000 of 6024 bytes failed: 仅完成部分的 ReadProcessMemory 或 WriteProcessMemory 请求。 (0x12B)
[1212/205555.324:ERROR:process_memory_win.cc(73)] ReadMemory at 0xb93246c000 of 6024 bytes failed: 仅完成部分的 ReadProcessMemory 或 WriteProcessMemory 请求。 (0x12B)
[1212/205555.324:ERROR:process_memory_win.cc(73)] ReadMemory at 0xb93246e000 of 6024 bytes failed: 仅完成部分的 ReadProcessMemory 或 WriteProcessMemory 请求。 (0x12B)
[1212/205555.325:ERROR:process_memory_win.cc(73)] ReadMemory at 0xb932470000 of 6024 bytes failed: 仅完成部分的 ReadProcessMemory 或 WriteProcessMemory 请求。 (0x12B)
[1212/205555.325:ERROR:process_memory_win.cc(73)] ReadMemory at 0xb932472000 of 6024 bytes failed: 仅完成部分的 ReadProcessMemory 或 WriteProcessMemory 请求。 (0x12B)
[1212/205555.325:ERROR:process_memory_win.cc(73)] ReadMemory at 0xb932474000 of 6024 bytes failed: 仅完成部分的 ReadProcessMemory 或 WriteProcessMemory 请求。 (0x12B)
[1212/205555.325:ERROR:process_memory_win.cc(73)] ReadMemory at 0xb932476000 of 6024 bytes failed: 仅完成部分的 ReadProcessMemory 或 WriteProcessMemory 请求。 (0x12B)
[1212/205555.325:ERROR:process_memory_win.cc(73)] ReadMemory at 0xb93247a000 of 6024 bytes failed: 仅完成部分的 ReadProcessMemory 或 WriteProcessMemory 请求。 (0x12B)
[1212/205555.325:ERROR:process_memory_win.cc(73)] ReadMemory at 0xb93247c000 of 6024 bytes failed: 仅完成部分的 ReadProcessMemory 或 WriteProcessMemory 请求。 (0x12B)
[1212/205555.325:ERROR:process_memory_win.cc(73)] ReadMemory at 0xb93247e000 of 6024 bytes failed: 仅完成部分的 ReadProcessMemory 或 WriteProcessMemory 请求。 (0x12B)
[1212/205555.325:ERROR:process_memory_win.cc(73)] ReadMemory at 0xb932480000 of 6024 bytes failed: 仅完成部分的 ReadProcessMemory 或 WriteProcessMemory 请求。 (0x12B)
[1212/205555.326:ERROR:process_memory_win.cc(73)] ReadMemory at 0xb932482000 of 6024 bytes failed: 仅完成部分的 ReadProcessMemory 或 WriteProcessMemory 请求。 (0x12B)
[1212/205555.326:ERROR:process_memory_win.cc(73)] ReadMemory at 0xb932484000 of 6024 bytes failed: 仅完成部分的 ReadProcessMemory 或 WriteProcessMemory 请求。 (0x12B)
[1212/205555.326:ERROR:process_memory_win.cc(73)] ReadMemory at 0xb932486000 of 6024 bytes failed: 仅完成部分的 ReadProcessMemory 或 WriteProcessMemory 请求。 (0x12B)
[1212/205555.326:ERROR:process_memory_win.cc(73)] ReadMemory at 0xb932488000 of 6024 bytes failed: 仅完成部分的 ReadProcessMemory 或 WriteProcessMemory 请求。 (0x12B)
[1212/205555.326:ERROR:process_memory_win.cc(73)] ReadMemory at 0xb93248a000 of 6024 bytes failed: 仅完成部分的 ReadProcessMemory 或 WriteProcessMemory 请求。 (0x12B)
[1212/205555.326:ERROR:process_memory_win.cc(73)] ReadMemory at 0xb93248c000 of 6024 bytes failed: 仅完成部分的 ReadProcessMemory 或 WriteProcessMemory 请求。 (0x12B)
[1212/205555.326:ERROR:process_memory_win.cc(73)] ReadMemory at 0xb93248e000 of 6024 bytes failed: 仅完成部分的 ReadProcessMemory 或 WriteProcessMemory 请求。 (0x12B)
[1212/205555.327:ERROR:process_memory_win.cc(73)] ReadMemory at 0x2b222d70fe0 of 17584 bytes failed: 仅完成部分的 ReadProcessMemory 或 WriteProcessMemory 请求。 (0x12B)
[1212/205555.327:ERROR:process_memory_win.cc(73)] ReadMemory at 0x2b222d754a0 of 1012 bytes failed: 仅完成部分的 ReadProcessMemory 或 WriteProcessMemory 请求。 (0x12B)
[1212/205555.327:ERROR:process_memory_win.cc(73)] ReadMemory at 0x2b222d75ac8 of 118 bytes failed: 仅完成部分的 ReadProcessMemory 或 WriteProcessMemory 请求。 (0x12B)
[1212/205555.327:ERROR:process_memory_win.cc(73)] ReadMemory at 0x2b222d75b40 of 860 bytes failed: 仅完成部分的 ReadProcessMemory 或 WriteProcessMemory 请求。 (0x12B)
[1212/205555.327:ERROR:process_memory_win.cc(73)] ReadMemory at 0x2b222d75e9e of 118 bytes failed: 仅完成部分的 ReadProcessMemory 或 WriteProcessMemory 请求。 (0x12B)
[1212/205555.327:ERROR:process_memory_win.cc(73)] ReadMemory at 0x2b222d75f16 of 100 bytes failed: 仅完成部分的 ReadProcessMemory 或 WriteProcessMemory 请求。 (0x12B)
[1212/205555.327:ERROR:process_memory_win.cc(73)] ReadMemory at 0x2b222d75f90 of 58 bytes failed: 仅完成部分的 ReadProcessMemory 或 WriteProcessMemory 请求。 (0x12B)
[1212/205555.327:ERROR:process_memory_win.cc(73)] ReadMemory at 0x2b222d76090 of 132 bytes failed: 仅完成部分的 ReadProcessMemory 或 WriteProcessMemory 请求。 (0x12B)
[1212/205555.327:ERROR:process_memory_win.cc(73)] ReadMemory at 0x2b222d76220 of 132 bytes failed: 仅完成部分的 ReadProcessMemory 或 WriteProcessMemory 请求。 (0x12B)
[1212/205555.327:ERROR:process_memory_win.cc(73)] ReadMemory at 0x2b222d763e0 of 126 bytes failed: 仅完成部分的 ReadProcessMemory 或 WriteProcessMemory 请求。 (0x12B)
[1212/205555.327:ERROR:process_memory_win.cc(73)] ReadMemory at 0x2b222d767c0 of 132 bytes failed: 仅完成部分的 ReadProcessMemory 或 WriteProcessMemory 请求。 (0x12B)
[1212/205555.327:ERROR:process_memory_win.cc(73)] ReadMemory at 0x2b222d76950 of 64 bytes failed: 仅完成部分的 ReadProcessMemory 或 WriteProcessMemory 请求。 (0x12B)
[1212/205555.327:ERROR:process_memory_win.cc(73)] ReadMemory at 0x2b222d769a0 of 132 bytes failed: 仅完成部分的 ReadProcessMemory 或 WriteProcessMemory 请求。 (0x12B)
[1212/205555.328:ERROR:process_memory_win.cc(73)] ReadMemory at 0x2b222d76bb0 of 154 bytes failed: 仅完成部分的 ReadProcessMemory 或 WriteProcessMemory 请求。 (0x12B)
[1212/205555.328:ERROR:process_memory_win.cc(73)] ReadMemory at 0x2b222d76db0 of 132 bytes failed: 仅完成部分的 ReadProcessMemory 或 WriteProcessMemory 请求。 (0x12B)
[1212/205555.328:ERROR:process_memory_win.cc(73)] ReadMemory at 0x2b222d76f40 of 68 bytes failed: 仅完成部分的 ReadProcessMemory 或 WriteProcessMemory 请求。 (0x12B)
[1212/205555.328:ERROR:process_memory_win.cc(73)] ReadMemory at 0x2b222d77e00 of 132 bytes failed: 仅完成部分的 ReadProcessMemory 或 WriteProcessMemory 请求。 (0x12B)
[1212/205555.328:ERROR:process_memory_win.cc(73)] ReadMemory at 0x2b222d77fd0 of 132 bytes failed: 仅完成部分的 ReadProcessMemory 或 WriteProcessMemory 请求。 (0x12B)
[1212/205555.328:ERROR:process_memory_win.cc(73)] ReadMemory at 0x2b222d78b40 of 132 bytes failed: 仅完成部分的 ReadProcessMemory 或 WriteProcessMemory 请求。 (0x12B)
[1212/205555.328:ERROR:process_memory_win.cc(73)] ReadMemory at 0x2b222d79c50 of 62 bytes failed: 仅完成部分的 ReadProcessMemory 或 WriteProcessMemory 请求。 (0x12B)
[1212/205555.328:ERROR:process_memory_win.cc(73)] ReadMemory at 0x2b222d79cd0 of 158 bytes failed: 仅完成部分的 ReadProcessMemory 或 WriteProcessMemory 请求。 (0x12B)
[1212/205555.328:ERROR:process_memory_win.cc(73)] ReadMemory at 0x2b222d79db0 of 132 bytes failed: 仅完成部分的 ReadProcessMemory 或 WriteProcessMemory 请求。 (0x12B)
[1212/205555.328:ERROR:process_memory_win.cc(73)] ReadMemory at 0x2b222d79f40 of 60 bytes failed: 仅完成部分的 ReadProcessMemory 或 WriteProcessMemory 请求。 (0x12B)
[1212/205555.328:ERROR:process_memory_win.cc(73)] ReadMemory at 0x2b222d7cccc of 512 bytes failed: 仅完成部分的 ReadProcessMemory 或 WriteProcessMemory 请求。 (0x12B)
[1212/205555.328:ERROR:process_memory_win.cc(73)] ReadMemory at 0x2b222d7d9d0 of 132 bytes failed: 仅完成部分的 ReadProcessMemory 或 WriteProcessMemory 请求。 (0x12B)
[1212/205555.328:ERROR:process_memory_win.cc(73)] ReadMemory at 0x2b222d7e2f0 of 132 bytes failed: 仅完成部分的 ReadProcessMemory 或 WriteProcessMemory 请求。 (0x12B)
[1212/205555.328:ERROR:process_memory_win.cc(73)] ReadMemory at 0x2b222d7e480 of 80 bytes failed: 仅完成部分的 ReadProcessMemory 或 WriteProcessMemory 请求。 (0x12B)
[1212/205555.329:ERROR:process_memory_win.cc(73)] ReadMemory at 0x2b222d7e5a0 of 64 bytes failed: 仅完成部分的 ReadProcessMemory 或 WriteProcessMemory 请求。 (0x12B)
[1212/205555.329:ERROR:process_memory_win.cc(73)] ReadMemory at 0x2b222d7e640 of 64 bytes failed: 仅完成部分的 ReadProcessMemory 或 WriteProcessMemory 请求。 (0x12B)
[1212/205555.329:ERROR:process_memory_win.cc(73)] ReadMemory at 0x2b222d7e690 of 62 bytes failed: 仅完成部分的 ReadProcessMemory 或 WriteProcessMemory 请求。 (0x12B)
[1212/205555.329:ERROR:process_memory_win.cc(73)] ReadMemory at 0x2b222d7e820 of 60 bytes failed: 仅完成部分的 ReadProcessMemory 或 WriteProcessMemory 请求。 (0x12B)
[1212/205555.329:ERROR:process_memory_win.cc(73)] ReadMemory at 0x2b222d7e910 of 66 bytes failed: 仅完成部分的 ReadProcessMemory 或 WriteProcessMemory 请求。 (0x12B)
[1212/205555.329:ERROR:process_memory_win.cc(73)] ReadMemory at 0x2b222d7e960 of 64 bytes failed: 仅完成部分的 ReadProcessMemory 或 WriteProcessMemory 请求。 (0x12B)
[1212/205555.329:ERROR:process_memory_win.cc(73)] ReadMemory at 0x2b222d7e9b0 of 62 bytes failed: 仅完成部分的 ReadProcessMemory 或 WriteProcessMemory 请求。 (0x12B)
[1212/205555.329:ERROR:process_memory_win.cc(73)] ReadMemory at 0x2b222d7ea00 of 60 bytes failed: 仅完成部分的 ReadProcessMemory 或 WriteProcessMemory 请求。 (0x12B)
[1212/205555.329:ERROR:process_memory_win.cc(73)] ReadMemory at 0x2b222d7eb40 of 58 bytes failed: 仅完成部分的 ReadProcessMemory 或 WriteProcessMemory 请求。 (0x12B)
[1212/205555.329:ERROR:process_memory_win.cc(73)] ReadMemory at 0x2b222d7fb30 of 76 bytes failed: 仅完成部分的 ReadProcessMemory 或 WriteProcessMemory 请求。 (0x12B)
[1212/205555.329:ERROR:process_memory_win.cc(73)] ReadMemory at 0x2b222d82290 of 54 bytes failed: 仅完成部分的 ReadProcessMemory 或 WriteProcessMemory 请求。 (0x12B)
[1212/205555.329:ERROR:process_memory_win.cc(73)] ReadMemory at 0x2b222d82bf0 of 132 bytes failed: 仅完成部分的 ReadProcessMemory 或 WriteProcessMemory 请求。 (0x12B)
[1212/205555.329:ERROR:process_memory_win.cc(73)] ReadMemory at 0x2b222d82d20 of 132 bytes failed: 仅完成部分的 ReadProcessMemory 或 WriteProcessMemory 请求。 (0x12B)
[1212/205555.329:ERROR:process_memory_win.cc(73)] ReadMemory at 0x2b222d82e50 of 132 bytes failed: 仅完成部分的 ReadProcessMemory 或 WriteProcessMemory 请求。 (0x12B)
[1212/205555.330:ERROR:process_memory_win.cc(73)] ReadMemory at 0x2b222d830b0 of 132 bytes failed: 仅完成部分的 ReadProcessMemory 或 WriteProcessMemory 请求。 (0x12B)
[1212/205555.330:ERROR:process_memory_win.cc(73)] ReadMemory at 0x2b222d831e0 of 132 bytes failed: 仅完成部分的 ReadProcessMemory 或 WriteProcessMemory 请求。 (0x12B)
[1212/205555.330:ERROR:process_memory_win.cc(73)] ReadMemory at 0x2b222d83310 of 132 bytes failed: 仅完成部分的 ReadProcessMemory 或 WriteProcessMemory 请求。 (0x12B)
[1212/205555.330:ERROR:process_memory_win.cc(73)] ReadMemory at 0x2b222d83440 of 132 bytes failed: 仅完成部分的 ReadProcessMemory 或 WriteProcessMemory 请求。 (0x12B)
[1212/205555.330:ERROR:process_memory_win.cc(73)] ReadMemory at 0x2b222d83570 of 132 bytes failed: 仅完成部分的 ReadProcessMemory 或 WriteProcessMemory 请求。 (0x12B)
[1212/205555.330:ERROR:process_memory_win.cc(73)] ReadMemory at 0x2b222d836a0 of 132 bytes failed: 仅完成部分的 ReadProcessMemory 或 WriteProcessMemory 请求。 (0x12B)
[1212/205555.330:ERROR:process_memory_win.cc(73)] ReadMemory at 0x2b222d837d0 of 132 bytes failed: 仅完成部分的 ReadProcessMemory 或 WriteProcessMemory 请求。 (0x12B)
[1212/205555.330:ERROR:process_memory_win.cc(73)] ReadMemory at 0x2b222d83900 of 132 bytes failed: 仅完成部分的 ReadProcessMemory 或 WriteProcessMemory 请求。 (0x12B)
[1212/205555.330:ERROR:process_memory_win.cc(73)] ReadMemory at 0x2b222d83a30 of 132 bytes failed: 仅完成部分的 ReadProcessMemory 或 WriteProcessMemory 请求。 (0x12B)
[1212/205555.330:ERROR:process_memory_win.cc(73)] ReadMemory at 0x2b222d84380 of 132 bytes failed: 仅完成部分的 ReadProcessMemory 或 WriteProcessMemory 请求。 (0x12B)
[1212/205555.330:ERROR:process_memory_win.cc(73)] ReadMemory at 0x2b222d85e90 of 62 bytes failed: 仅完成部分的 ReadProcessMemory 或 WriteProcessMemory 请求。 (0x12B)
[1212/205555.330:ERROR:process_memory_win.cc(73)] ReadMemory at 0x2b222d85ee0 of 64 bytes failed: 仅完成部分的 ReadProcessMemory 或 WriteProcessMemory 请求。 (0x12B)
[1212/205555.330:ERROR:process_memory_win.cc(73)] ReadMemory at 0x2b222d85f80 of 66 bytes failed: 仅完成部分的 ReadProcessMemory 或 WriteProcessMemory 请求。 (0x12B)
[1212/205555.330:ERROR:process_memory_win.cc(73)] ReadMemory at 0x2b222d86020 of 60 bytes failed: 仅完成部分的 ReadProcessMemory 或 WriteProcessMemory 请求。 (0x12B)
[1212/205555.330:ERROR:process_memory_win.cc(73)] ReadMemory at 0x2b222d860c0 of 62 bytes failed: 仅完成部分的 ReadProcessMemory 或 WriteProcessMemory 请求。 (0x12B)
[1212/205555.331:ERROR:process_memory_win.cc(73)] ReadMemory at 0x2b222d86110 of 66 bytes failed: 仅完成部分的 ReadProcessMemory 或 WriteProcessMemory 请求。 (0x12B)
[1212/205555.331:ERROR:process_memory_win.cc(73)] ReadMemory at 0x2b222d86160 of 64 bytes failed: 仅完成部分的 ReadProcessMemory 或 WriteProcessMemory 请求。 (0x12B)
[1212/205555.331:ERROR:process_memory_win.cc(73)] ReadMemory at 0x2b222d861b0 of 62 bytes failed: 仅完成部分的 ReadProcessMemory 或 WriteProcessMemory 请求。 (0x12B)
[1212/205555.331:ERROR:process_memory_win.cc(73)] ReadMemory at 0x2b222d86250 of 60 bytes failed: 仅完成部分的 ReadProcessMemory 或 WriteProcessMemory 请求。 (0x12B)
[1212/205555.331:ERROR:process_memory_win.cc(73)] ReadMemory at 0x2b222d862f0 of 60 bytes failed: 仅完成部分的 ReadProcessMemory 或 WriteProcessMemory 请求。 (0x12B)
[1212/205555.331:ERROR:process_memory_win.cc(73)] ReadMemory at 0x2b222d86340 of 62 bytes failed: 仅完成部分的 ReadProcessMemory 或 WriteProcessMemory 请求。 (0x12B)
[1212/205555.331:ERROR:process_memory_win.cc(73)] ReadMemory at 0x2b222d86480 of 60 bytes failed: 仅完成部分的 ReadProcessMemory 或 WriteProcessMemory 请求。 (0x12B)
[1212/205555.331:ERROR:process_memory_win.cc(73)] ReadMemory at 0x2b222d86660 of 60 bytes failed: 仅完成部分的 ReadProcessMemory 或 WriteProcessMemory 请求。 (0x12B)
[1212/205555.331:ERROR:process_memory_win.cc(73)] ReadMemory at 0x2b222d86750 of 64 bytes failed: 仅完成部分的 ReadProcessMemory 或 WriteProcessMemory 请求。 (0x12B)
[1212/205555.331:ERROR:process_memory_win.cc(73)] ReadMemory at 0x2b222d86890 of 62 bytes failed: 仅完成部分的 ReadProcessMemory 或 WriteProcessMemory 请求。 (0x12B)
[1212/205555.331:ERROR:process_memory_win.cc(73)] ReadMemory at 0x2b222d86980 of 62 bytes failed: 仅完成部分的 ReadProcessMemory 或 WriteProcessMemory 请求。 (0x12B)
[1212/205555.331:ERROR:process_memory_win.cc(73)] ReadMemory at 0x2b222d86a20 of 62 bytes failed: 仅完成部分的 ReadProcessMemory 或 WriteProcessMemory 请求。 (0x12B)
[1212/205555.331:ERROR:process_memory_win.cc(73)] ReadMemory at 0x2b222d86a70 of 62 bytes failed: 仅完成部分的 ReadProcessMemory 或 WriteProcessMemory 请求。 (0x12B)
[1212/205555.332:ERROR:process_memory_win.cc(73)] ReadMemory at 0x2b222d86ac0 of 64 bytes failed: 仅完成部分的 ReadProcessMemory 或 WriteProcessMemory 请求。 (0x12B)
[1212/205555.332:ERROR:process_memory_win.cc(73)] ReadMemory at 0x2b222d86b10 of 60 bytes failed: 仅完成部分的 ReadProcessMemory 或 WriteProcessMemory 请求。 (0x12B)
[1212/205555.332:ERROR:process_memory_win.cc(73)] ReadMemory at 0x2b222d86b60 of 64 bytes failed: 仅完成部分的 ReadProcessMemory 或 WriteProcessMemory 请求。 (0x12B)
[1212/205555.332:ERROR:process_memory_win.cc(73)] ReadMemory at 0x2b222d86bb0 of 58 bytes failed: 仅完成部分的 ReadProcessMemory 或 WriteProcessMemory 请求。 (0x12B)
[1212/205555.332:ERROR:process_memory_win.cc(73)] ReadMemory at 0x2b222d88870 of 132 bytes failed: 仅完成部分的 ReadProcessMemory 或 WriteProcessMemory 请求。 (0x12B)
[1212/205555.332:ERROR:process_memory_win.cc(73)] ReadMemory at 0x2b222d889a0 of 132 bytes failed: 仅完成部分的 ReadProcessMemory 或 WriteProcessMemory 请求。 (0x12B)
[1212/205555.332:ERROR:process_memory_win.cc(73)] ReadMemory at 0x2b222d88c80 of 132 bytes failed: 仅完成部分的 ReadProcessMemory 或 WriteProcessMemory 请求。 (0x12B)
[1212/205555.332:ERROR:process_memory_win.cc(73)] ReadMemory at 0x2b222d8b9c0 of 132 bytes failed: 仅完成部分的 ReadProcessMemory 或 WriteProcessMemory 请求。 (0x12B)
[1212/205555.332:ERROR:process_memory_win.cc(73)] ReadMemory at 0x2b222d8bd10 of 132 bytes failed: 仅完成部分的 ReadProcessMemory 或 WriteProcessMemory 请求。 (0x12B)
[1212/205555.332:ERROR:process_memory_win.cc(73)] ReadMemory at 0x2b222d8bfd0 of 132 bytes failed: 仅完成部分的 ReadProcessMemory 或 WriteProcessMemory 请求。 (0x12B)
[1212/205555.332:ERROR:process_memory_win.cc(73)] ReadMemory at 0x2b222d8c100 of 132 bytes failed: 仅完成部分的 ReadProcessMemory 或 WriteProcessMemory 请求。 (0x12B)
[1212/205555.332:ERROR:process_memory_win.cc(73)] ReadMemory at 0x2b222d8c230 of 132 bytes failed: 仅完成部分的 ReadProcessMemory 或 WriteProcessMemory 请求。 (0x12B)
[1212/205555.332:ERROR:process_memory_win.cc(73)] ReadMemory at 0x2b222d8c360 of 132 bytes failed: 仅完成部分的 ReadProcessMemory 或 WriteProcessMemory 请求。 (0x12B)
[1212/205555.333:ERROR:process_memory_win.cc(73)] ReadMemory at 0x2b222d8c5c0 of 132 bytes failed: 仅完成部分的 ReadProcessMemory 或 WriteProcessMemory 请求。 (0x12B)
[1212/205555.333:ERROR:process_memory_win.cc(73)] ReadMemory at 0x2b222d8c6f0 of 132 bytes failed: 仅完成部分的 ReadProcessMemory 或 WriteProcessMemory 请求。 (0x12B)
[1212/205555.333:ERROR:process_memory_win.cc(73)] ReadMemory at 0x2b222d8c820 of 132 bytes failed: 仅完成部分的 ReadProcessMemory 或 WriteProcessMemory 请求。 (0x12B)
[1212/205555.333:ERROR:process_memory_win.cc(73)] ReadMemory at 0x2b222d8cbb0 of 132 bytes failed: 仅完成部分的 ReadProcessMemory 或 WriteProcessMemory 请求。 (0x12B)
[1212/205555.333:ERROR:process_memory_win.cc(73)] ReadMemory at 0x2b222d8cce0 of 132 bytes failed: 仅完成部分的 ReadProcessMemory 或 WriteProcessMemory 请求。 (0x12B)
[1212/205555.333:ERROR:process_memory_win.cc(73)] ReadMemory at 0x2b222d8ce10 of 132 bytes failed: 仅完成部分的 ReadProcessMemory 或 WriteProcessMemory 请求。 (0x12B)
[1212/205555.333:ERROR:process_memory_win.cc(73)] ReadMemory at 0x2b222d8d1a0 of 132 bytes failed: 仅完成部分的 ReadProcessMemory 或 WriteProcessMemory 请求。 (0x12B)
[1212/205555.333:ERROR:process_memory_win.cc(73)] ReadMemory at 0x2b222d8d2d0 of 132 bytes failed: 仅完成部分的 ReadProcessMemory 或 WriteProcessMemory 请求。 (0x12B)
[1212/205555.333:ERROR:process_memory_win.cc(73)] ReadMemory at 0x2b222d8d400 of 132 bytes failed: 仅完成部分的 ReadProcessMemory 或 WriteProcessMemory 请求。 (0x12B)
[1212/205555.333:ERROR:process_memory_win.cc(73)] ReadMemory at 0x2b222d8d9f0 of 132 bytes failed: 仅完成部分的 ReadProcessMemory 或 WriteProcessMemory 请求。 (0x12B)
[1212/205555.333:ERROR:process_memory_win.cc(73)] ReadMemory at 0x2b222d94750 of 58 bytes failed: 仅完成部分的 ReadProcessMemory 或 WriteProcessMemory 请求。 (0x12B)
[1212/205555.333:ERROR:process_memory_win.cc(73)] ReadMemory at 0x2b222da32f0 of 512 bytes failed: 仅完成部分的 ReadProcessMemory 或 WriteProcessMemory 请求。 (0x12B)
[1212/205555.333:ERROR:process_memory_win.cc(73)] ReadMemory at 0x2b222da4240 of 512 bytes failed: 仅完成部分的 ReadProcessMemory 或 WriteProcessMemory 请求。 (0x12B)
[1212/205555.334:ERROR:process_memory_win.cc(73)] ReadMemory at 0x2b2235a2070 of 512 bytes failed: 仅完成部分的 ReadProcessMemory 或 WriteProcessMemory 请求。 (0x12B)
[1212/205555.334:ERROR:process_memory_win.cc(73)] ReadMemory at 0x2b2235a4500 of 608 bytes failed: 仅完成部分的 ReadProcessMemory 或 WriteProcessMemory 请求。 (0x12B)
[1212/205555.334:ERROR:process_memory_win.cc(73)] ReadMemory at 0x2b2235ad2d0 of 512 bytes failed: 仅完成部分的 ReadProcessMemory 或 WriteProcessMemory 请求。 (0x12B)
[1212/205555.334:ERROR:process_memory_win.cc(73)] ReadMemory at 0x2b2235b95a0 of 512 bytes failed: 仅完成部分的 ReadProcessMemory 或 WriteProcessMemory 请求。 (0x12B)
[1212/205555.334:ERROR:process_memory_win.cc(73)] ReadMemory at 0x2b2235cdec0 of 512 bytes failed: 仅完成部分的 ReadProcessMemory 或 WriteProcessMemory 请求。 (0x12B)
[1212/205555.334:ERROR:process_memory_win.cc(73)] ReadMemory at 0x2b2235d16f0 of 712 bytes failed: 仅完成部分的 ReadProcessMemory 或 WriteProcessMemory 请求。 (0x12B)
[1212/205555.334:ERROR:process_memory_win.cc(73)] ReadMemory at 0x2b2235e84e0 of 512 bytes failed: 仅完成部分的 ReadProcessMemory 或 WriteProcessMemory 请求。 (0x12B)
[1212/205555.334:ERROR:process_memory_win.cc(73)] ReadMemory at 0x2b2235e8fc0 of 512 bytes failed: 仅完成部分的 ReadProcessMemory 或 WriteProcessMemory 请求。 (0x12B)
[1212/205555.334:ERROR:process_memory_win.cc(73)] ReadMemory at 0x2b22365c128 of 512 bytes failed: 仅完成部分的 ReadProcessMemory 或 WriteProcessMemory 请求。 (0x12B)
[1212/205555.334:ERROR:process_memory_win.cc(73)] ReadMemory at 0x2b225390360 of 512 bytes failed: 仅完成部分的 ReadProcessMemory 或 WriteProcessMemory 请求。 (0x12B)
[1212/205555.334:ERROR:process_memory_win.cc(73)] ReadMemory at 0x2b2253ed768 of 800 bytes failed: 仅完成部分的 ReadProcessMemory 或 WriteProcessMemory 请求。 (0x12B)
[1212/205555.334:ERROR:process_memory_win.cc(73)] ReadMemory at 0x2b2253ee338 of 512 bytes failed: 仅完成部分的 ReadProcessMemory 或 WriteProcessMemory 请求。 (0x12B)
[1212/205555.334:ERROR:process_memory_win.cc(73)] ReadMemory at 0x2b2253ef148 of 512 bytes failed: 仅完成部分的 ReadProcessMemory 或 WriteProcessMemory 请求。 (0x12B)
[1212/205555.335:ERROR:process_memory_win.cc(73)] ReadMemory at 0x2b225419b80 of 512 bytes failed: 仅完成部分的 ReadProcessMemory 或 WriteProcessMemory 请求。 (0x12B)
[1212/205555.335:ERROR:process_memory_win.cc(73)] ReadMemory at 0x2b2254a17c0 of 704 bytes failed: 仅完成部分的 ReadProcessMemory 或 WriteProcessMemory 请求。 (0x12B)
[1212/205555.335:ERROR:process_memory_win.cc(73)] ReadMemory at 0x2b2254a1c40 of 512 bytes failed: 仅完成部分的 ReadProcessMemory 或 WriteProcessMemory 请求。 (0x12B)
[1212/205555.335:ERROR:process_memory_win.cc(73)] ReadMemory at 0x2b2254a26c0 of 512 bytes failed: 仅完成部分的 ReadProcessMemory 或 WriteProcessMemory 请求。 (0x12B)
[1212/205555.335:ERROR:process_memory_win.cc(73)] ReadMemory at 0x2b2254c2d20 of 512 bytes failed: 仅完成部分的 ReadProcessMemory 或 WriteProcessMemory 请求。 (0x12B)
[1212/205555.335:ERROR:process_memory_win.cc(73)] ReadMemory at 0x2b2254c44d8 of 512 bytes failed: 仅完成部分的 ReadProcessMemory 或 WriteProcessMemory 请求。 (0x12B)
[1212/205555.335:ERROR:process_memory_win.cc(73)] ReadMemory at 0x2b2254c53c8 of 512 bytes failed: 仅完成部分的 ReadProcessMemory 或 WriteProcessMemory 请求。 (0x12B)
[1212/205555.335:ERROR:process_memory_win.cc(73)] ReadMemory at 0x2b2254c5a18 of 512 bytes failed: 仅完成部分的 ReadProcessMemory 或 WriteProcessMemory 请求。 (0x12B)
[1212/205555.335:ERROR:process_memory_win.cc(73)] ReadMemory at 0x2b2254e3678 of 512 bytes failed: 仅完成部分的 ReadProcessMemory 或 WriteProcessMemory 请求。 (0x12B)
[1212/205555.335:ERROR:process_memory_win.cc(73)] ReadMemory at 0x2b2254f1f00 of 800 bytes failed: 仅完成部分的 ReadProcessMemory 或 WriteProcessMemory 请求。 (0x12B)
[1212/205555.335:ERROR:process_memory_win.cc(73)] ReadMemory at 0x2b225523f60 of 512 bytes failed: 仅完成部分的 ReadProcessMemory 或 WriteProcessMemory 请求。 (0x12B)
[1212/205555.335:ERROR:process_memory_win.cc(73)] ReadMemory at 0x7e0978426f8 of 512 bytes failed: 仅完成部分的 ReadProcessMemory 或 WriteProcessMemory 请求。 (0x12B)
[1212/205555.335:ERROR:process_memory_win.cc(73)] ReadMemory at 0x1ab6d1582380 of 520 bytes failed: 仅完成部分的 ReadProcessMemory 或 WriteProcessMemory 请求。 (0x12B)
[1212/205555.335:ERROR:process_memory_win.cc(73)] ReadMemory at 0x651a21bc49d8 of 520 bytes failed: 仅完成部分的 ReadProcessMemory 或 WriteProcessMemory 请求。 (0x12B)
[1212/205555.336:ERROR:process_memory_win.cc(73)] ReadMemory at 0x7ffb6acd889c of 512 bytes failed: 仅完成部分的 ReadProcessMemory 或 WriteProcessMemory 请求。 (0x12B)
[1212/205555.336:ERROR:process_memory_win.cc(73)] ReadMemory at 0x7ffb6b31d100 of 512 bytes failed: 仅完成部分的 ReadProcessMemory 或 WriteProcessMemory 请求。 (0x12B)
[1212/205555.336:ERROR:process_memory_win.cc(73)] ReadMemory at 0x7ffb6c696b5c of 512 bytes failed: 仅完成部分的 ReadProcessMemory 或 WriteProcessMemory 请求。 (0x12B)
[1212/205555.336:ERROR:process_memory_win.cc(73)] ReadMemory at 0x7ffb6ce07602 of 553 bytes failed: 仅完成部分的 ReadProcessMemory 或 WriteProcessMemory 请求。 (0x12B)
[1212/205555.336:ERROR:process_memory_win.cc(73)] ReadMemory at 0x7ffbd15621f0 of 512 bytes failed: 仅完成部分的 ReadProcessMemory 或 WriteProcessMemory 请求。 (0x12B)
[1212/205555.336:ERROR:process_memory_win.cc(73)] ReadMemory at 0x7ffbd246ff00 of 512 bytes failed: 仅完成部分的 ReadProcessMemory 或 WriteProcessMemory 请求。 (0x12B)
[1212/205555.336:ERROR:process_memory_win.cc(73)] ReadMemory at 0x7ffbd24bf764 of 672 bytes failed: 仅完成部分的 ReadProcessMemory 或 WriteProcessMemory 请求。 (0x12B)
[1212/205555.336:ERROR:process_memory_win.cc(73)] ReadMemory at 0x7ffbd24bfd64 of 512 bytes failed: 仅完成部分的 ReadProcessMemory 或 WriteProcessMemory 请求。 (0x12B)
[1212/205555.336:ERROR:process_memory_win.cc(73)] ReadMemory at 0x7ffbd24c2ff4 of 608 bytes failed: 仅完成部分的 ReadProcessMemory 或 WriteProcessMemory 请求。 (0x12B)
[1212/205555.336:ERROR:process_memory_win.cc(73)] ReadMemory at 0x7ffbd254c0c8 of 18 bytes failed: 仅完成部分的 ReadProcessMemory 或 WriteProcessMemory 请求。 (0x12B)
[1212/205555.336:ERROR:process_memory_win.cc(73)] ReadMemory at 0x7ffbd257f4f8 of 40 bytes failed: 仅完成部分的 ReadProcessMemory 或 WriteProcessMemory 请求。 (0x12B)
[1212/205555.336:ERROR:process_memory_win.cc(73)] ReadMemory at 0x7ffbd257f978 of 48 bytes failed: 仅完成部分的 ReadProcessMemory 或 WriteProcessMemory 请求。 (0x12B)
[1212/205555.336:ERROR:process_memory_win.cc(73)] ReadMemory at 0x7ffbd25853a0 of 64 bytes failed: 仅完成部分的 ReadProcessMemory 或 WriteProcessMemory 请求。 (0x12B)
[1212/205555.339:ERROR:scoped_process_suspend.cc(40)] NtResumeProcess: 已尝试访问正在退出的过程。 (0xc000010a)
